# JRE version: Java(TM) SE Runtime Environment (8.0_111-b14) (build 1.8.0_111-b14)
# Java VM: Java HotSpot(TM) Client VM (25.111-b14 mixed mode windows-x86 )
Heap:
 def new generation   total 29632K, used 1226K [0x04600000, 0x06620000, 0x09b50000)
  eden space 26368K,   3% used [0x04600000, 0x04703358, 0x05fc0000)
  from space 3264K,   5% used [0x05fc0000, 0x05fef650, 0x062f0000)
  to   space 3264K,   0% used [0x062f0000, 0x062f0000, 0x06620000)
 tenured generation   total 65716K, used 32733K [0x09b50000, 0x0db7d000, 0x14600000)
   the space 65716K,  49% used [0x09b50000, 0x0bb47668, 0x0bb47800, 0x0db7d000)
 Metaspace       used 17087K, capacity 17529K, committed 18304K, reserved 18816K
GC Heap History (10 events):
Event: 592.413 GC heap before
{Heap before GC invocations=97 (full 9):
 def new generation   total 29248K, used 29235K [0x04600000, 0x065b0000, 0x09b50000)
  eden space 26048K,  99% used [0x04600000, 0x05f6cfd0, 0x05f70000)
  from space 3200K, 100% used [0x06290000, 0x065b0000, 0x065b0000)
  to   space 3200K,   0% used [0x05f70000, 0x05f70000, 0x06290000)
 tenured generation   total 64784K, used 45278K [0x09b50000, 0x0da94000, 0x14600000)
   the space 64784K,  69% used [0x09b50000, 0x0c787ac8, 0x0c787c00, 0x0da94000)
 Metaspace       used 18575K, capacity 19239K, committed 19328K, reserved 19840K
Event: 592.425 GC heap after
Heap after GC invocations=98 (full 9):
 def new generation   total 29248K, used 1108K [0x04600000, 0x065b0000, 0x09b50000)
  eden space 26048K,   0% used [0x04600000, 0x04600000, 0x05f70000)
  from space 3200K,  34% used [0x05f70000, 0x060853e8, 0x06290000)
  to   space 3200K,   0% used [0x06290000, 0x06290000, 0x065b0000)
 tenured generation   total 64784K, used 61007K [0x09b50000, 0x0da94000, 0x14600000)
   the space 64784K,  94% used [0x09b50000, 0x0d6e3d98, 0x0d6e3e00, 0x0da94000)
 Metaspace       used 18575K, capacity 19239K, committed 19328K, reserved 19840K
}
Event: 592.594 GC heap before
{Heap before GC invocations=98 (full 9):
 def new generation   total 29248K, used 10040K [0x04600000, 0x065b0000, 0x09b50000)
  eden space 26048K,  34% used [0x04600000, 0x04eb8d88, 0x05f70000)
  from space 3200K,  34% used [0x05f70000, 0x060853e8, 0x06290000)
  to   space 3200K,   0% used [0x06290000, 0x06290000, 0x065b0000)
 tenured generation   total 64784K, used 61007K [0x09b50000, 0x0da94000, 0x14600000)
   the space 64784K,  94% used [0x09b50000, 0x0d6e3d98, 0x0d6e3e00, 0x0da94000)
 Metaspace       used 18577K, capacity 19239K, committed 19328K, reserved 19840K
Event: 592.638 GC heap after
Heap after GC invocations=99 (full 10):
 def new generation   total 29632K, used 0K [0x04600000, 0x06620000, 0x09b50000)
  eden space 26368K,   0% used [0x04600000, 0x04600000, 0x05fc0000)
  from space 3264K,   0% used [0x05fc0000, 0x05fc0000, 0x062f0000)
  to   space 3264K,   0% used [0x062f0000, 0x062f0000, 0x06620000)
 tenured generation   total 65716K, used 39429K [0x09b50000, 0x0db7d000, 0x14600000)
   the space 65716K,  59% used [0x09b50000, 0x0c1d1418, 0x0c1d1600, 0x0db7d000)
 Metaspace       used 17469K, capacity 17916K, committed 19328K, reserved 19840K
}
Event: 592.641 GC heap before
{Heap before GC invocations=99 (full 10):
 def new generation   total 29632K, used 663K [0x04600000, 0x06620000, 0x09b50000)
  eden space 26368K,   2% used [0x04600000, 0x046a5e08, 0x05fc0000)
  from space 3264K,   0% used [0x05fc0000, 0x05fc0000, 0x062f0000)
  to   space 3264K,   0% used [0x062f0000, 0x062f0000, 0x06620000)
 tenured generation   total 65716K, used 39429K [0x09b50000, 0x0db7d000, 0x14600000)
   the space 65716K,  59% used [0x09b50000, 0x0c1d1418, 0x0c1d1600, 0x0db7d000)
 Metaspace       used 17469K, capacity 17916K, committed 19328K, reserved 19840K
Event: 592.672 GC heap after
Heap after GC invocations=100 (full 11):
 def new generation   total 29632K, used 0K [0x04600000, 0x06620000, 0x09b50000)
  eden space 26368K,   0% used [0x04600000, 0x04600000, 0x05fc0000)
  from space 3264K,   0% used [0x05fc0000, 0x05fc0000, 0x062f0000)
  to   space 3264K,   0% used [0x062f0000, 0x062f0000, 0x06620000)
 tenured generation   total 65716K, used 28852K [0x09b50000, 0x0db7d000, 0x14600000)
   the space 65716K,  43% used [0x09b50000, 0x0b77d158, 0x0b77d200, 0x0db7d000)
 Metaspace       used 17082K, capacity 17524K, committed 18304K, reserved 18816K
}
Event: 700.064 GC heap before
{Heap before GC invocations=100 (full 11):
 def new generation   total 29632K, used 26368K [0x04600000, 0x06620000, 0x09b50000)
  eden space 26368K, 100% used [0x04600000, 0x05fc0000, 0x05fc0000)
  from space 3264K,   0% used [0x05fc0000, 0x05fc0000, 0x062f0000)
  to   space 3264K,   0% used [0x062f0000, 0x062f0000, 0x06620000)
 tenured generation   total 65716K, used 28852K [0x09b50000, 0x0db7d000, 0x14600000)
   the space 65716K,  43% used [0x09b50000, 0x0b77d158, 0x0b77d200, 0x0db7d000)
 Metaspace       used 17087K, capacity 17529K, committed 18304K, reserved 18816K
Event: 700.069 GC heap after
Heap after GC invocations=101 (full 11):
 def new generation   total 29632K, used 1009K [0x04600000, 0x06620000, 0x09b50000)
  eden space 26368K,   0% used [0x04600000, 0x04600000, 0x05fc0000)
  from space 3264K,  30% used [0x062f0000, 0x063ec618, 0x06620000)
  to   space 3264K,   0% used [0x05fc0000, 0x05fc0000, 0x062f0000)
 tenured generation   total 65716K, used 32733K [0x09b50000, 0x0db7d000, 0x14600000)
   the space 65716K,  49% used [0x09b50000, 0x0bb47668, 0x0bb47800, 0x0db7d000)
 Metaspace       used 17087K, capacity 17529K, committed 18304K, reserved 18816K
}
Event: 891.465 GC heap before
{Heap before GC invocations=101 (full 11):
 def new generation   total 29632K, used 27377K [0x04600000, 0x06620000, 0x09b50000)
  eden space 26368K, 100% used [0x04600000, 0x05fc0000, 0x05fc0000)
  from space 3264K,  30% used [0x062f0000, 0x063ec618, 0x06620000)
  to   space 3264K,   0% used [0x05fc0000, 0x05fc0000, 0x062f0000)
 tenured generation   total 65716K, used 32733K [0x09b50000, 0x0db7d000, 0x14600000)
   the space 65716K,  49% used [0x09b50000, 0x0bb47668, 0x0bb47800, 0x0db7d000)
 Metaspace       used 17087K, capacity 17529K, committed 18304K, reserved 18816K
Event: 891.467 GC heap after
Heap after GC invocations=102 (full 11):
 def new generation   total 29632K, used 189K [0x04600000, 0x06620000, 0x09b50000)
  eden space 26368K,   0% used [0x04600000, 0x04600000, 0x05fc0000)
  from space 3264K,   5% used [0x05fc0000, 0x05fef650, 0x062f0000)
  to   space 3264K,   0% used [0x062f0000, 0x062f0000, 0x06620000)
 tenured generation   total 65716K, used 32733K [0x09b50000, 0x0db7d000, 0x14600000)
   the space 65716K,  49% used [0x09b50000, 0x0bb47668, 0x0bb47800, 0x0db7d000)
 Metaspace       used 17087K, capacity 17529K, committed 18304K, reserved 18816K
}

