# JRE version: Java(TM) SE Runtime Environment (8.0_111-b14) (build 1.8.0_111-b14)
# Java VM: Java HotSpot(TM) Client VM (25.111-b14 mixed mode windows-x86 )
Heap:
 def new generation   total 61440K, used 7871K [0x04a00000, 0x08ca0000, 0x09f50000)
  eden space 54656K,   1% used [0x04a00000, 0x04b0fe20, 0x07f60000)
  from space 6784K, 100% used [0x08600000, 0x08ca0000, 0x08ca0000)
  to   space 6784K,   0% used [0x07f60000, 0x07f60000, 0x08600000)
 tenured generation   total 136276K, used 66717K [0x09f50000, 0x12465000, 0x14a00000)
   the space 136276K,  48% used [0x09f50000, 0x0e0777b0, 0x0e077800, 0x12465000)
 Metaspace       used 13268K, capacity 13659K, committed 14208K, reserved 14720K
GC Heap History (10 events):
Event: 3402.097 GC heap before
{Heap before GC invocations=17528 (full 5675):
 def new generation   total 61632K, used 54784K [0x04a00000, 0x08ce0000, 0x09f50000)
  eden space 54784K, 100% used [0x04a00000, 0x07f80000, 0x07f80000)
  from space 6848K,   0% used [0x08630000, 0x08630000, 0x08ce0000)
  to   space 6848K,   0% used [0x07f80000, 0x07f80000, 0x08630000)
 tenured generation   total 136844K, used 39514K [0x09f50000, 0x124f3000, 0x14a00000)
   the space 136844K,  28% used [0x09f50000, 0x0c5e6878, 0x0c5e6a00, 0x124f3000)
 Metaspace       used 13268K, capacity 13659K, committed 14208K, reserved 14720K
Event: 3402.112 GC heap after
Heap after GC invocations=17529 (full 5675):
 def new generation   total 61632K, used 6848K [0x04a00000, 0x08ce0000, 0x09f50000)
  eden space 54784K,   0% used [0x04a00000, 0x04a00000, 0x07f80000)
  from space 6848K, 100% used [0x07f80000, 0x08630000, 0x08630000)
  to   space 6848K,   0% used [0x08630000, 0x08630000, 0x08ce0000)
 tenured generation   total 136844K, used 67107K [0x09f50000, 0x124f3000, 0x14a00000)
   the space 136844K,  49% used [0x09f50000, 0x0e0d8d38, 0x0e0d8e00, 0x124f3000)
 Metaspace       used 13268K, capacity 13659K, committed 14208K, reserved 14720K
}
Event: 3402.302 GC heap before
{Heap before GC invocations=17529 (full 5675):
 def new generation   total 61632K, used 61632K [0x04a00000, 0x08ce0000, 0x09f50000)
  eden space 54784K, 100% used [0x04a00000, 0x07f80000, 0x07f80000)
  from space 6848K, 100% used [0x07f80000, 0x08630000, 0x08630000)
  to   space 6848K,   0% used [0x08630000, 0x08630000, 0x08ce0000)
 tenured generation   total 136844K, used 67107K [0x09f50000, 0x124f3000, 0x14a00000)
   the space 136844K,  49% used [0x09f50000, 0x0e0d8d38, 0x0e0d8e00, 0x124f3000)
 Metaspace       used 13268K, capacity 13659K, committed 14208K, reserved 14720K
Event: 3402.318 GC heap after
Heap after GC invocations=17530 (full 5675):
 def new generation   total 61632K, used 6848K [0x04a00000, 0x08ce0000, 0x09f50000)
  eden space 54784K,   0% used [0x04a00000, 0x04a00000, 0x07f80000)
  from space 6848K, 100% used [0x08630000, 0x08ce0000, 0x08ce0000)
  to   space 6848K,   0% used [0x07f80000, 0x07f80000, 0x08630000)
 tenured generation   total 136844K, used 101130K [0x09f50000, 0x124f3000, 0x14a00000)
   the space 136844K,  73% used [0x09f50000, 0x10212a08, 0x10212c00, 0x124f3000)
 Metaspace       used 13268K, capacity 13659K, committed 14208K, reserved 14720K
}
Event: 3402.686 GC heap before
{Heap before GC invocations=17530 (full 5675):
 def new generation   total 61632K, used 61632K [0x04a00000, 0x08ce0000, 0x09f50000)
  eden space 54784K, 100% used [0x04a00000, 0x07f80000, 0x07f80000)
  from space 6848K, 100% used [0x08630000, 0x08ce0000, 0x08ce0000)
  to   space 6848K,   0% used [0x07f80000, 0x07f80000, 0x08630000)
 tenured generation   total 136844K, used 101130K [0x09f50000, 0x124f3000, 0x14a00000)
   the space 136844K,  73% used [0x09f50000, 0x10212a08, 0x10212c00, 0x124f3000)
 Metaspace       used 13268K, capacity 13659K, committed 14208K, reserved 14720K
Event: 3402.702 GC heap after
Heap after GC invocations=17531 (full 5675):
 def new generation   total 61632K, used 6848K [0x04a00000, 0x08ce0000, 0x09f50000)
  eden space 54784K,   0% used [0x04a00000, 0x04a00000, 0x07f80000)
  from space 6848K, 100% used [0x07f80000, 0x08630000, 0x08630000)
  to   space 6848K,   0% used [0x08630000, 0x08630000, 0x08ce0000)
 tenured generation   total 136844K, used 135222K [0x09f50000, 0x124f3000, 0x14a00000)
   the space 136844K,  98% used [0x09f50000, 0x1235d898, 0x1235da00, 0x124f3000)
 Metaspace       used 13268K, capacity 13659K, committed 14208K, reserved 14720K
}
Event: 3402.888 GC heap before
{Heap before GC invocations=17531 (full 5675):
 def new generation   total 61632K, used 61632K [0x04a00000, 0x08ce0000, 0x09f50000)
  eden space 54784K, 100% used [0x04a00000, 0x07f80000, 0x07f80000)
  from space 6848K, 100% used [0x07f80000, 0x08630000, 0x08630000)
  to   space 6848K,   0% used [0x08630000, 0x08630000, 0x08ce0000)
 tenured generation   total 136844K, used 135222K [0x09f50000, 0x124f3000, 0x14a00000)
   the space 136844K,  98% used [0x09f50000, 0x1235d898, 0x1235da00, 0x124f3000)
 Metaspace       used 13268K, capacity 13659K, committed 14208K, reserved 14720K
Event: 3402.918 GC heap after
Heap after GC invocations=17532 (full 5676):
 def new generation   total 61440K, used 0K [0x04a00000, 0x08ca0000, 0x09f50000)
  eden space 54656K,   0% used [0x04a00000, 0x04a00000, 0x07f60000)
  from space 6784K,   0% used [0x07f60000, 0x07f60000, 0x08600000)
  to   space 6784K,   0% used [0x08600000, 0x08600000, 0x08ca0000)
 tenured generation   total 136276K, used 39340K [0x09f50000, 0x12465000, 0x14a00000)
   the space 136276K,  28% used [0x09f50000, 0x0c5bb2c8, 0x0c5bb400, 0x12465000)
 Metaspace       used 13268K, capacity 13659K, committed 14208K, reserved 14720K
}
Event: 3403.112 GC heap before
{Heap before GC invocations=17532 (full 5676):
 def new generation   total 61440K, used 54656K [0x04a00000, 0x08ca0000, 0x09f50000)
  eden space 54656K, 100% used [0x04a00000, 0x07f60000, 0x07f60000)
  from space 6784K,   0% used [0x07f60000, 0x07f60000, 0x08600000)
  to   space 6784K,   0% used [0x08600000, 0x08600000, 0x08ca0000)
 tenured generation   total 136276K, used 39340K [0x09f50000, 0x12465000, 0x14a00000)
   the space 136276K,  28% used [0x09f50000, 0x0c5bb2c8, 0x0c5bb400, 0x12465000)
 Metaspace       used 13268K, capacity 13659K, committed 14208K, reserved 14720K
Event: 3403.126 GC heap after
Heap after GC invocations=17533 (full 5676):
 def new generation   total 61440K, used 6784K [0x04a00000, 0x08ca0000, 0x09f50000)
  eden space 54656K,   0% used [0x04a00000, 0x04a00000, 0x07f60000)
  from space 6784K, 100% used [0x08600000, 0x08ca0000, 0x08ca0000)
  to   space 6784K,   0% used [0x07f60000, 0x07f60000, 0x08600000)
 tenured generation   total 136276K, used 66717K [0x09f50000, 0x12465000, 0x14a00000)
   the space 136276K,  48% used [0x09f50000, 0x0e0777b0, 0x0e077800, 0x12465000)
 Metaspace       used 13268K, capacity 13659K, committed 14208K, reserved 14720K
}

